 Model tides from program ETGTAB, version3.0 180219 F77.
C*************************************************************
ELLIPSOIDAL LATITUDE  (DEGREE)             44.8040
ELLIPSOIDAL LONGITUDE (DEGREE EAST)        -0.6050
ELLIPSOIDAL HEIGHT    (METER)               21.000
GRAVITY (M/S**2, < 1.0 IF UNKNOWN)          9.8060
AZIMUTH FROM NORTH (DEGREE)                 0.0000
EARTH TIDE COMPONENT                             0
PRINT OUT OF TIDAL WAVES (1=YES)                 0
SEARCH FOR DATA ERRORS (1=YES) AND LIMIT         0   100.000
INITIAL EPOCH (YYYY,MM,DD,HH)                 2020    2   29    1
NUMERICIAL LOW PASS FILTER (0...5)               2
PRINT OBSERVATIONS (1=YES)                       0
PRINT LOWPASS  FILTERED OBSERV. (1=YES)          0
TIDAL POTENTIAL DEVELOPMENT (0...2)              2
RIGID EARTH AMPLITUDE FACTORS (1=YES)            0
HANN WINDOW FOR ADJUSTMENT (1=YES)               0
QUICKLOOK ADJUSTMENT (1=YES)                     0
 Gravimetric tides for Black Forest Observatory                                 
 Parameters from LaCoste Romberg G249F                                          
  120 days (8.12.1988 - 11.4.1989)                                              
                                                                                
                                                                                
                                                                                
                                                                                
                                                                                
                                                                                
                                                                                
   14
    1  285 LONG        1.1500    0.0000
  286  428 Q1          1.1429   -0.3299
  429  488 O1          1.1464    0.0791
  489  537 M1          1.1537    0.0583
  538  592 P1K1        1.1349    0.3174
  593  634 J1          1.1537   -0.0078
  635  739 OO1         1.1538   -0.0531
  740  839 2N2         1.1560    2.5999
  840  890 N2          1.1761    2.5446
  891  947 M2          1.1840    2.0816
  948  987 L2          1.1906    0.1735
  988 1121 S2K2        1.1865    0.6230
 1122 1204 M3          1.0584   -0.0814
 1205 1214 M4          0.5777   92.2440

      MODL         1.0000    1.0000     0.000         0 ETGTAB

 2020 02 29 01 00 00    43.296
 2020 02 29 01 05 00    34.804
 2020 02 29 01 10 00    26.752
 2020 02 29 01 15 00    19.159
 2020 02 29 01 20 00    12.044
 2020 02 29 01 25 00     5.425
 2020 02 29 01 30 00    -0.682
 2020 02 29 01 35 00    -6.260
 2020 02 29 01 40 00   -11.296
 2020 02 29 01 45 00   -15.775
 2020 02 29 01 50 00   -19.685
 2020 02 29 01 55 00   -23.015
 2020 02 29 02 00 00   -25.755
 2020 02 29 02 05 00   -27.895
 2020 02 29 02 10 00   -29.428
 2020 02 29 02 15 00   -30.348
 2020 02 29 02 20 00   -30.648
 2020 02 29 02 25 00   -30.324
 2020 02 29 02 30 00   -29.375
 2020 02 29 02 35 00   -27.797
 2020 02 29 02 40 00   -25.590
 2020 02 29 02 45 00   -22.755
 2020 02 29 02 50 00   -19.294
 2020 02 29 02 55 00   -15.211
 2020 02 29 03 00 00   -10.508
 2020 02 29 03 05 00    -5.193
 2020 02 29 03 10 00     0.730
 2020 02 29 03 15 00     7.250
 2020 02 29 03 20 00    14.360
 2020 02 29 03 25 00    22.049
 2020 02 29 03 30 00    30.307
 2020 02 29 03 35 00    39.120
 2020 02 29 03 40 00    48.475
 2020 02 29 03 45 00    58.357
 2020 02 29 03 50 00    68.752
 2020 02 29 03 55 00    79.642
 2020 02 29 04 00 00    91.010
 2020 02 29 04 05 00   102.838
 2020 02 29 04 10 00   115.106
 2020 02 29 04 15 00   127.794
 2020 02 29 04 20 00   140.881
 2020 02 29 04 25 00   154.345
 2020 02 29 04 30 00   168.164
 2020 02 29 04 35 00   182.314
 2020 02 29 04 40 00   196.772
 2020 02 29 04 45 00   211.513
 2020 02 29 04 50 00   226.511
 2020 02 29 04 55 00   241.741
 2020 02 29 05 00 00   257.178
 2020 02 29 05 05 00   272.793
 2020 02 29 05 10 00   288.561
 2020 02 29 05 15 00   304.454
 2020 02 29 05 20 00   320.444
 2020 02 29 05 25 00   336.503
 2020 02 29 05 30 00   352.604
 2020 02 29 05 35 00   368.717
 2020 02 29 05 40 00   384.814
 2020 02 29 05 45 00   400.867
 2020 02 29 05 50 00   416.847
 2020 02 29 05 55 00   432.726
 2020 02 29 06 00 00   448.475
 2020 02 29 06 05 00   464.067
 2020 02 29 06 10 00   479.472
 2020 02 29 06 15 00   494.663
 2020 02 29 06 20 00   509.612
 2020 02 29 06 25 00   524.293
 2020 02 29 06 30 00   538.677
 2020 02 29 06 35 00   552.739
 2020 02 29 06 40 00   566.453
 2020 02 29 06 45 00   579.792
 2020 02 29 06 50 00   592.732
 2020 02 29 06 55 00   605.248
 2020 02 29 07 00 00   617.316
 2020 02 29 07 05 00   628.914
 2020 02 29 07 10 00   640.018
 2020 02 29 07 15 00   650.607
 2020 02 29 07 20 00   660.660
 2020 02 29 07 25 00   670.156
 2020 02 29 07 30 00   679.077
 2020 02 29 07 35 00   687.403
 2020 02 29 07 40 00   695.118
 2020 02 29 07 45 00   702.204
 2020 02 29 07 50 00   708.647
 2020 02 29 07 55 00   714.430
 2020 02 29 08 00 00   719.542
 2020 02 29 08 05 00   723.968
 2020 02 29 08 10 00   727.698
 2020 02 29 08 15 00   730.721
 2020 02 29 08 20 00   733.028
 2020 02 29 08 25 00   734.610
 2020 02 29 08 30 00   735.460
 2020 02 29 08 35 00   735.573
 2020 02 29 08 40 00   734.944
 2020 02 29 08 45 00   733.569
 2020 02 29 08 50 00   731.445
 2020 02 29 08 55 00   728.571
 2020 02 29 09 00 00   724.948
 2020 02 29 09 05 00   720.576
 2020 02 29 09 10 00   715.458
 2020 02 29 09 15 00   709.597
 2020 02 29 09 20 00   702.998
 2020 02 29 09 25 00   695.666
 2020 02 29 09 30 00   687.609
 2020 02 29 09 35 00   678.834
 2020 02 29 09 40 00   669.352
 2020 02 29 09 45 00   659.172
 2020 02 29 09 50 00   648.307
 2020 02 29 09 55 00   636.768
 2020 02 29 10 00 00   624.570
 2020 02 29 10 05 00   611.727
 2020 02 29 10 10 00   598.256
 2020 02 29 10 15 00   584.173
 2020 02 29 10 20 00   569.495
 2020 02 29 10 25 00   554.243
 2020 02 29 10 30 00   538.435
 2020 02 29 10 35 00   522.092
 2020 02 29 10 40 00   505.236
 2020 02 29 10 45 00   487.890
 2020 02 29 10 50 00   470.075
 2020 02 29 10 55 00   451.817
 2020 02 29 11 00 00   433.140
 2020 02 29 11 05 00   414.069
 2020 02 29 11 10 00   394.631
 2020 02 29 11 15 00   374.852
 2020 02 29 11 20 00   354.758
 2020 02 29 11 25 00   334.379
 2020 02 29 11 30 00   313.742
 2020 02 29 11 35 00   292.875
 2020 02 29 11 40 00   271.808
 2020 02 29 11 45 00   250.569
 2020 02 29 11 50 00   229.190
 2020 02 29 11 55 00   207.698
 2020 02 29 12 00 00   186.125
 2020 02 29 12 05 00   164.501
 2020 02 29 12 10 00   142.856
 2020 02 29 12 15 00   121.219
 2020 02 29 12 20 00    99.623
 2020 02 29 12 25 00    78.096
 2020 02 29 12 30 00    56.668
 2020 02 29 12 35 00    35.371
 2020 02 29 12 40 00    14.234
 2020 02 29 12 45 00    -6.715
 2020 02 29 12 50 00   -27.445
 2020 02 29 12 55 00   -47.928
 2020 02 29 13 00 00   -68.135
 2020 02 29 13 05 00   -88.039
 2020 02 29 13 10 00  -107.611
 2020 02 29 13 15 00  -126.826
 2020 02 29 13 20 00  -145.656
 2020 02 29 13 25 00  -164.075
 2020 02 29 13 30 00  -182.060
 2020 02 29 13 35 00  -199.585
 2020 02 29 13 40 00  -216.627
 2020 02 29 13 45 00  -233.163
 2020 02 29 13 50 00  -249.171
 2020 02 29 13 55 00  -264.631
 2020 02 29 14 00 00  -279.521
 2020 02 29 14 05 00  -293.824
 2020 02 29 14 10 00  -307.520
 2020 02 29 14 15 00  -320.592
 2020 02 29 14 20 00  -333.025
 2020 02 29 14 25 00  -344.802
 2020 02 29 14 30 00  -355.911
 2020 02 29 14 35 00  -366.338
 2020 02 29 14 40 00  -376.072
 2020 02 29 14 45 00  -385.101
 2020 02 29 14 50 00  -393.416
 2020 02 29 14 55 00  -401.010
 2020 02 29 15 00 00  -407.874
 2020 02 29 15 05 00  -414.003
 2020 02 29 15 10 00  -419.393
 2020 02 29 15 15 00  -424.039
 2020 02 29 15 20 00  -427.940
 2020 02 29 15 25 00  -431.094
 2020 02 29 15 30 00  -433.502
 2020 02 29 15 35 00  -435.165
 2020 02 29 15 40 00  -436.085
 2020 02 29 15 45 00  -436.267
 2020 02 29 15 50 00  -435.716
 2020 02 29 15 55 00  -434.437
 2020 02 29 16 00 00  -432.438
 2020 02 29 16 05 00  -429.728
 2020 02 29 16 10 00  -426.316
 2020 02 29 16 15 00  -422.213
 2020 02 29 16 20 00  -417.430
 2020 02 29 16 25 00  -411.981
 2020 02 29 16 30 00  -405.880
 2020 02 29 16 35 00  -399.141
 2020 02 29 16 40 00  -391.780
 2020 02 29 16 45 00  -383.815
 2020 02 29 16 50 00  -375.262
 2020 02 29 16 55 00  -366.142
 2020 02 29 17 00 00  -356.472
 2020 02 29 17 05 00  -346.273
 2020 02 29 17 10 00  -335.567
 2020 02 29 17 15 00  -324.376
 2020 02 29 17 20 00  -312.720
 2020 02 29 17 25 00  -300.624
 2020 02 29 17 30 00  -288.112
 2020 02 29 17 35 00  -275.207
 2020 02 29 17 40 00  -261.934
 2020 02 29 17 45 00  -248.318
 2020 02 29 17 50 00  -234.384
 2020 02 29 17 55 00  -220.159
 2020 02 29 18 00 00  -205.669
 2020 02 29 18 05 00  -190.940
 2020 02 29 18 10 00  -175.998
 2020 02 29 18 15 00  -160.870
 2020 02 29 18 20 00  -145.584
 2020 02 29 18 25 00  -130.165
 2020 02 29 18 30 00  -114.641
 2020 02 29 18 35 00   -99.038
 2020 02 29 18 40 00   -83.384
 2020 02 29 18 45 00   -67.704
 2020 02 29 18 50 00   -52.024
 2020 02 29 18 55 00   -36.372
 2020 02 29 19 00 00   -20.772
 2020 02 29 19 05 00    -5.250
 2020 02 29 19 10 00    10.168
 2020 02 29 19 15 00    25.460
 2020 02 29 19 20 00    40.600
 2020 02 29 19 25 00    55.566
 2020 02 29 19 30 00    70.333
 2020 02 29 19 35 00    84.881
 2020 02 29 19 40 00    99.187
 2020 02 29 19 45 00   113.231
 2020 02 29 19 50 00   126.992
 2020 02 29 19 55 00   140.450
 2020 02 29 20 00 00   153.588
 2020 02 29 20 05 00   166.388
 2020 02 29 20 10 00   178.832
 2020 02 29 20 15 00   190.904
 2020 02 29 20 20 00   202.590
 2020 02 29 20 25 00   213.875
 2020 02 29 20 30 00   224.746
 2020 02 29 20 35 00   235.190
 2020 02 29 20 40 00   245.197
 2020 02 29 20 45 00   254.756
 2020 02 29 20 50 00   263.859
 2020 02 29 20 55 00   272.496
 2020 02 29 21 00 00   280.660
 2020 02 29 21 05 00   288.347
 2020 02 29 21 10 00   295.549
 2020 02 29 21 15 00   302.265
 2020 02 29 21 20 00   308.490
 2020 02 29 21 25 00   314.223
 2020 02 29 21 30 00   319.463
 2020 02 29 21 35 00   324.211
 2020 02 29 21 40 00   328.467
 2020 02 29 21 45 00   332.234
 2020 02 29 21 50 00   335.515
 2020 02 29 21 55 00   338.315
 2020 02 29 22 00 00   340.639
 2020 02 29 22 05 00   342.494
 2020 02 29 22 10 00   343.886
 2020 02 29 22 15 00   344.824
 2020 02 29 22 20 00   345.316
 2020 02 29 22 25 00   345.374
 2020 02 29 22 30 00   345.008
 2020 02 29 22 35 00   344.229
 2020 02 29 22 40 00   343.050
 2020 02 29 22 45 00   341.484
 2020 02 29 22 50 00   339.546
 2020 02 29 22 55 00   337.249
 2020 02 29 23 00 00   334.609
 2020 02 29 23 05 00   331.643
 2020 02 29 23 10 00   328.366
 2020 02 29 23 15 00   324.796
 2020 02 29 23 20 00   320.951
 2020 02 29 23 25 00   316.848
 2020 02 29 23 30 00   312.506
 2020 02 29 23 35 00   307.944
 2020 02 29 23 40 00   303.181
 2020 02 29 23 45 00   298.238
 2020 02 29 23 50 00   293.133
 2020 02 29 23 55 00   287.886
 2020 03 01 00 00 00   282.519
 2020 03 01 00 05 00   277.052
 2020 03 01 00 10 00   271.504
 2020 03 01 00 15 00   265.897
 2020 03 01 00 20 00   260.250
 2020 03 01 00 25 00   254.585
 2020 03 01 00 30 00   248.923
 2020 03 01 00 35 00   243.282
 2020 03 01 00 40 00   237.684
 2020 03 01 00 45 00   232.148
 2020 03 01 00 50 00   226.694
 2020 03 01 00 55 00   221.342
 2020 03 01 01 00 00   216.110
 2020 03 01 01 05 00   211.017
 2020 03 01 01 10 00   206.082
 2020 03 01 01 15 00   201.323
 2020 03 01 01 20 00   196.757
 2020 03 01 01 25 00   192.400
 2020 03 01 01 30 00   188.270
 2020 03 01 01 35 00   184.382
 2020 03 01 01 40 00   180.752
 2020 03 01 01 45 00   177.393
 2020 03 01 01 50 00   174.321
 2020 03 01 01 55 00   171.548
 2020 03 01 02 00 00   169.087
 2020 03 01 02 05 00   166.949
 2020 03 01 02 10 00   165.147
 2020 03 01 02 15 00   163.690
 2020 03 01 02 20 00   162.587
 2020 03 01 02 25 00   161.848
 2020 03 01 02 30 00   161.481
 2020 03 01 02 35 00   161.492
 2020 03 01 02 40 00   161.889
 2020 03 01 02 45 00   162.675
 2020 03 01 02 50 00   163.856
 2020 03 01 02 55 00   165.436
 2020 03 01 03 00 00   167.417
 2020 03 01 03 05 00   169.802
 2020 03 01 03 10 00   172.590
 2020 03 01 03 15 00   175.783
 2020 03 01 03 20 00   179.380
 2020 03 01 03 25 00   183.379
 2020 03 01 03 30 00   187.778
 2020 03 01 03 35 00   192.573
 2020 03 01 03 40 00   197.760
 2020 03 01 03 45 00   203.334
 2020 03 01 03 50 00   209.289
 2020 03 01 03 55 00   215.619
 2020 03 01 04 00 00   222.315
 2020 03 01 04 05 00   229.370
 2020 03 01 04 10 00   236.775
 2020 03 01 04 15 00   244.518
 2020 03 01 04 20 00   252.591
 2020 03 01 04 25 00   260.981
 2020 03 01 04 30 00   269.677
 2020 03 01 04 35 00   278.665
 2020 03 01 04 40 00   287.932
 2020 03 01 04 45 00   297.464
 2020 03 01 04 50 00   307.247
 2020 03 01 04 55 00   317.265
 2020 03 01 05 00 00   327.502
 2020 03 01 05 05 00   337.942
 2020 03 01 05 10 00   348.568
 2020 03 01 05 15 00   359.362
 2020 03 01 05 20 00   370.307
 2020 03 01 05 25 00   381.385
 2020 03 01 05 30 00   392.577
 2020 03 01 05 35 00   403.864
 2020 03 01 05 40 00   415.227
 2020 03 01 05 45 00   426.646
 2020 03 01 05 50 00   438.102
 2020 03 01 05 55 00   449.574
 2020 03 01 06 00 00   461.042
 2020 03 01 06 05 00   472.486
 2020 03 01 06 10 00   483.886
 2020 03 01 06 15 00   495.221
 2020 03 01 06 20 00   506.469
 2020 03 01 06 25 00   517.612
 2020 03 01 06 30 00   528.628
 2020 03 01 06 35 00   539.496
 2020 03 01 06 40 00   550.196
 2020 03 01 06 45 00   560.708
 2020 03 01 06 50 00   571.012
 2020 03 01 06 55 00   581.088
 2020 03 01 07 00 00   590.915
 2020 03 01 07 05 00   600.475
 2020 03 01 07 10 00   609.748
 2020 03 01 07 15 00   618.715
 2020 03 01 07 20 00   627.358
 2020 03 01 07 25 00   635.659
 2020 03 01 07 30 00   643.599
 2020 03 01 07 35 00   651.162
 2020 03 01 07 40 00   658.330
 2020 03 01 07 45 00   665.088
 2020 03 01 07 50 00   671.419
 2020 03 01 07 55 00   677.309
 2020 03 01 08 00 00   682.742
 2020 03 01 08 05 00   687.704
 2020 03 01 08 10 00   692.182
 2020 03 01 08 15 00   696.162
 2020 03 01 08 20 00   699.634
 2020 03 01 08 25 00   702.585
 2020 03 01 08 30 00   705.004
 2020 03 01 08 35 00   706.882
 2020 03 01 08 40 00   708.209
 2020 03 01 08 45 00   708.976
 2020 03 01 08 50 00   709.176
 2020 03 01 08 55 00   708.801
 2020 03 01 09 00 00   707.846
 2020 03 01 09 05 00   706.305
 2020 03 01 09 10 00   704.174
 2020 03 01 09 15 00   701.448
 2020 03 01 09 20 00   698.125
 2020 03 01 09 25 00   694.203
 2020 03 01 09 30 00   689.681
 2020 03 01 09 35 00   684.558
 2020 03 01 09 40 00   678.835
 2020 03 01 09 45 00   672.513
 2020 03 01 09 50 00   665.594
 2020 03 01 09 55 00   658.082
 2020 03 01 10 00 00   649.981
 2020 03 01 10 05 00   641.295
 2020 03 01 10 10 00   632.031
 2020 03 01 10 15 00   622.194
 2020 03 01 10 20 00   611.792
 2020 03 01 10 25 00   600.834
 2020 03 01 10 30 00   589.329
 2020 03 01 10 35 00   577.286
 2020 03 01 10 40 00   564.715
 2020 03 01 10 45 00   551.630
 2020 03 01 10 50 00   538.041
 2020 03 01 10 55 00   523.963
 2020 03 01 11 00 00   509.407
 2020 03 01 11 05 00   494.390
 2020 03 01 11 10 00   478.927
 2020 03 01 11 15 00   463.032
 2020 03 01 11 20 00   446.724
 2020 03 01 11 25 00   430.018
 2020 03 01 11 30 00   412.933
 2020 03 01 11 35 00   395.488
 2020 03 01 11 40 00   377.701
 2020 03 01 11 45 00   359.591
 2020 03 01 11 50 00   341.179
 2020 03 01 11 55 00   322.485
 2020 03 01 12 00 00   303.531
 2020 03 01 12 05 00   284.337
 2020 03 01 12 10 00   264.926
 2020 03 01 12 15 00   245.319
 2020 03 01 12 20 00   225.539
 2020 03 01 12 25 00   205.610
 2020 03 01 12 30 00   185.553
 2020 03 01 12 35 00   165.392
 2020 03 01 12 40 00   145.152
 2020 03 01 12 45 00   124.854
 2020 03 01 12 50 00   104.524
 2020 03 01 12 55 00    84.185
 2020 03 01 13 00 00    63.861
 2020 03 01 13 05 00    43.575
 2020 03 01 13 10 00    23.353
 2020 03 01 13 15 00     3.217
 2020 03 01 13 20 00   -16.808
 2020 03 01 13 25 00   -36.699
 2020 03 01 13 30 00   -56.432
 2020 03 01 13 35 00   -75.985
 2020 03 01 13 40 00   -95.333
 2020 03 01 13 45 00  -114.455
 2020 03 01 13 50 00  -133.327
 2020 03 01 13 55 00  -151.928
 2020 03 01 14 00 00  -170.236
 2020 03 01 14 05 00  -188.230
 2020 03 01 14 10 00  -205.887
 2020 03 01 14 15 00  -223.189
 2020 03 01 14 20 00  -240.115
 2020 03 01 14 25 00  -256.646
 2020 03 01 14 30 00  -272.762
 2020 03 01 14 35 00  -288.447
 2020 03 01 14 40 00  -303.681
 2020 03 01 14 45 00  -318.448
 2020 03 01 14 50 00  -332.732
 2020 03 01 14 55 00  -346.517
 2020 03 01 15 00 00  -359.789
 2020 03 01 15 05 00  -372.533
 2020 03 01 15 10 00  -384.735
 2020 03 01 15 15 00  -396.384
 2020 03 01 15 20 00  -407.467
 2020 03 01 15 25 00  -417.974
 2020 03 01 15 30 00  -427.895
 2020 03 01 15 35 00  -437.220
 2020 03 01 15 40 00  -445.941
 2020 03 01 15 45 00  -454.050
 2020 03 01 15 50 00  -461.542
 2020 03 01 15 55 00  -468.409
 2020 03 01 16 00 00  -474.649
 2020 03 01 16 05 00  -480.256
 2020 03 01 16 10 00  -485.227
 2020 03 01 16 15 00  -489.562
 2020 03 01 16 20 00  -493.258
 2020 03 01 16 25 00  -496.315
 2020 03 01 16 30 00  -498.735
 2020 03 01 16 35 00  -500.518
 2020 03 01 16 40 00  -501.668
 2020 03 01 16 45 00  -502.187
 2020 03 01 16 50 00  -502.081
 2020 03 01 16 55 00  -501.354
 2020 03 01 17 00 00  -500.012
 2020 03 01 17 05 00  -498.063
 2020 03 01 17 10 00  -495.513
 2020 03 01 17 15 00  -492.372
 2020 03 01 17 20 00  -488.649
 2020 03 01 17 25 00  -484.354
 2020 03 01 17 30 00  -479.498
 2020 03 01 17 35 00  -474.093
 2020 03 01 17 40 00  -468.150
 2020 03 01 17 45 00  -461.684
 2020 03 01 17 50 00  -454.707
 2020 03 01 17 55 00  -447.234
 2020 03 01 18 00 00  -439.279
 2020 03 01 18 05 00  -430.859
 2020 03 01 18 10 00  -421.989
 2020 03 01 18 15 00  -412.686
 2020 03 01 18 20 00  -402.967
 2020 03 01 18 25 00  -392.849
 2020 03 01 18 30 00  -382.350
 2020 03 01 18 35 00  -371.489
 2020 03 01 18 40 00  -360.283
 2020 03 01 18 45 00  -348.752
 2020 03 01 18 50 00  -336.916
 2020 03 01 18 55 00  -324.793
 2020 03 01 19 00 00  -312.402
 2020 03 01 19 05 00  -299.765
 2020 03 01 19 10 00  -286.900
 2020 03 01 19 15 00  -273.828
 2020 03 01 19 20 00  -260.569
 2020 03 01 19 25 00  -247.142
 2020 03 01 19 30 00  -233.569
 2020 03 01 19 35 00  -219.868
 2020 03 01 19 40 00  -206.059
 2020 03 01 19 45 00  -192.163
 2020 03 01 19 50 00  -178.199
 2020 03 01 19 55 00  -164.187
 2020 03 01 20 00 00  -150.145
 2020 03 01 20 05 00  -136.092
 2020 03 01 20 10 00  -122.048
 2020 03 01 20 15 00  -108.030
 2020 03 01 20 20 00   -94.057
 2020 03 01 20 25 00   -80.145
 2020 03 01 20 30 00   -66.313
 2020 03 01 20 35 00   -52.576
 2020 03 01 20 40 00   -38.952
 2020 03 01 20 45 00   -25.455
 2020 03 01 20 50 00   -12.101
 2020 03 01 20 55 00     1.095
 2020 03 01 21 00 00    14.120
 2020 03 01 21 05 00    26.959
 2020 03 01 21 10 00    39.599
 2020 03 01 21 15 00    52.029
 2020 03 01 21 20 00    64.237
 2020 03 01 21 25 00    76.211
 2020 03 01 21 30 00    87.942
 2020 03 01 21 35 00    99.419
 2020 03 01 21 40 00   110.634
 2020 03 01 21 45 00   121.577
 2020 03 01 21 50 00   132.243
 2020 03 01 21 55 00   142.623
 2020 03 01 22 00 00   152.712
 2020 03 01 22 05 00   162.503
 2020 03 01 22 10 00   171.993
 2020 03 01 22 15 00   181.177
 2020 03 01 22 20 00   190.052
 2020 03 01 22 25 00   198.614
 2020 03 01 22 30 00   206.864
 2020 03 01 22 35 00   214.798
 2020 03 01 22 40 00   222.417
 2020 03 01 22 45 00   229.720
 2020 03 01 22 50 00   236.709
 2020 03 01 22 55 00   243.385
 2020 03 01 23 00 00   249.750
 2020 03 01 23 05 00   255.808
 2020 03 01 23 10 00   261.560
 2020 03 01 23 15 00   267.012
 2020 03 01 23 20 00   272.168
 2020 03 01 23 25 00   277.034
 2020 03 01 23 30 00   281.615
 2020 03 01 23 35 00   285.916
 2020 03 01 23 40 00   289.946
 2020 03 01 23 45 00   293.712
 2020 03 01 23 50 00   297.221
 2020 03 01 23 55 00   300.481
 2020 03 02 00 00 00   303.501
 2020 03 02 00 05 00   306.290
 2020 03 02 00 10 00   308.858
 2020 03 02 00 15 00   311.214
 2020 03 02 00 20 00   313.369
 2020 03 02 00 25 00   315.332
 2020 03 02 00 30 00   317.115
 2020 03 02 00 35 00   318.727
 2020 03 02 00 40 00   320.181
 2020 03 02 00 45 00   321.488
 2020 03 02 00 50 00   322.659
 2020 03 02 00 55 00   323.705
 2020 03 02 01 00 00   324.638
 2020 03 02 01 05 00   325.471
 2020 03 02 01 10 00   326.214
 2020 03 02 01 15 00   326.880
 2020 03 02 01 20 00   327.480
 2020 03 02 01 25 00   328.026
 2020 03 02 01 30 00   328.530
 2020 03 02 01 35 00   329.004
 2020 03 02 01 40 00   329.458
 2020 03 02 01 45 00   329.905
 2020 03 02 01 50 00   330.355
 2020 03 02 01 55 00   330.820
 2020 03 02 02 00 00   331.310
 2020 03 02 02 05 00   331.836
 2020 03 02 02 10 00   332.408
 2020 03 02 02 15 00   333.036
 2020 03 02 02 20 00   333.730
 2020 03 02 02 25 00   334.500
 2020 03 02 02 30 00   335.355
 2020 03 02 02 35 00   336.302
 2020 03 02 02 40 00   337.352
 2020 03 02 02 45 00   338.510
 2020 03 02 02 50 00   339.787
 2020 03 02 02 55 00   341.187
 2020 03 02 03 00 00   342.719
 2020 03 02 03 05 00   344.388
 2020 03 02 03 10 00   346.200
 2020 03 02 03 15 00   348.161
 2020 03 02 03 20 00   350.276
 2020 03 02 03 25 00   352.548
 2020 03 02 03 30 00   354.983
 2020 03 02 03 35 00   357.582
 2020 03 02 03 40 00   360.350
 2020 03 02 03 45 00   363.289
 2020 03 02 03 50 00   366.400
 2020 03 02 03 55 00   369.685
 2020 03 02 04 00 00   373.145
 2020 03 02 04 05 00   376.780
 2020 03 02 04 10 00   380.590
 2020 03 02 04 15 00   384.575
 2020 03 02 04 20 00   388.733
 2020 03 02 04 25 00   393.062
 2020 03 02 04 30 00   397.560
 2020 03 02 04 35 00   402.225
 2020 03 02 04 40 00   407.053
 2020 03 02 04 45 00   412.041
 2020 03 02 04 50 00   417.184
 2020 03 02 04 55 00   422.478
 2020 03 02 05 00 00   427.918
 2020 03 02 05 05 00   433.498
 2020 03 02 05 10 00   439.211
 2020 03 02 05 15 00   445.052
 2020 03 02 05 20 00   451.014
 2020 03 02 05 25 00   457.089
 2020 03 02 05 30 00   463.270
 2020 03 02 05 35 00   469.548
 2020 03 02 05 40 00   475.915
 2020 03 02 05 45 00   482.362
 2020 03 02 05 50 00   488.880
 2020 03 02 05 55 00   495.460
 2020 03 02 06 00 00   502.091
 2020 03 02 06 05 00   508.763
 2020 03 02 06 10 00   515.467
 2020 03 02 06 15 00   522.191
 2020 03 02 06 20 00   528.924
 2020 03 02 06 25 00   535.655
 2020 03 02 06 30 00   542.374
 2020 03 02 06 35 00   549.067
 2020 03 02 06 40 00   555.725
 2020 03 02 06 45 00   562.334
 2020 03 02 06 50 00   568.882
 2020 03 02 06 55 00   575.358
 2020 03 02 07 00 00   581.749
 2020 03 02 07 05 00   588.043
 2020 03 02 07 10 00   594.227
 2020 03 02 07 15 00   600.289
 2020 03 02 07 20 00   606.217
 2020 03 02 07 25 00   611.997
 2020 03 02 07 30 00   617.618
 2020 03 02 07 35 00   623.067
 2020 03 02 07 40 00   628.332
 2020 03 02 07 45 00   633.400
 2020 03 02 07 50 00   638.259
 2020 03 02 07 55 00   642.897
 2020 03 02 08 00 00   647.302
 2020 03 02 08 05 00   651.462
 2020 03 02 08 10 00   655.366
 2020 03 02 08 15 00   659.001
 2020 03 02 08 20 00   662.357
 2020 03 02 08 25 00   665.422
 2020 03 02 08 30 00   668.186
 2020 03 02 08 35 00   670.639
 2020 03 02 08 40 00   672.768
 2020 03 02 08 45 00   674.566
 2020 03 02 08 50 00   676.021
 2020 03 02 08 55 00   677.125
 2020 03 02 09 00 00   677.869
 2020 03 02 09 05 00   678.243
 2020 03 02 09 10 00   678.240
 2020 03 02 09 15 00   677.851
 2020 03 02 09 20 00   677.068
 2020 03 02 09 25 00   675.886
 2020 03 02 09 30 00   674.296
 2020 03 02 09 35 00   672.293
 2020 03 02 09 40 00   669.871
 2020 03 02 09 45 00   667.024
 2020 03 02 09 50 00   663.747
 2020 03 02 09 55 00   660.036
